[2014-02-25 22:33:25] START
[2014-02-25 22:33:25] EDIT Hadoop/controllers/default.py: 1
[2014-02-25 22:35:17] EDIT Hadoop/controllers/default.py: -1
[2014-02-25 22:37:18] EDIT Hadoop/controllers/default.py: 0
[2014-03-01 15:01:00] EDIT Hadoop/controllers/default.py: -1
[2014-03-01 15:01:23] EDIT Hadoop/controllers/default.py: 0
[2014-03-01 15:01:24] EDIT Hadoop/controllers/default.py: 0
[2014-03-01 15:01:24] EDIT Hadoop/controllers/default.py: 0
[2014-03-01 15:01:25] EDIT Hadoop/controllers/default.py: 0
[2014-03-01 15:02:34] EDIT Hadoop/controllers/default.py: 0
[2014-03-01 15:02:34] EDIT Hadoop/controllers/default.py: 0
[2014-03-01 15:03:52] EDIT Hadoop/controllers/default.py: 0
[2014-03-01 15:07:18] EDIT Hadoop/controllers/default.py: 0
[2014-03-01 15:11:03] EDIT Hadoop/controllers/default.py: -7
[2014-03-01 15:42:30] EDIT Hadoop/controllers/default.py: 0
[2014-03-01 15:43:57] EDIT Hadoop/controllers/default.py: 0
[2014-03-01 15:47:34] EDIT Hadoop/controllers/default.py: 0
[2014-03-01 15:47:36] EDIT Hadoop/controllers/default.py: 0
[2014-03-01 15:47:36] EDIT Hadoop/controllers/default.py: 0
[2014-03-01 15:47:36] EDIT Hadoop/controllers/default.py: 0
[2014-03-01 15:47:37] EDIT Hadoop/controllers/default.py: 0
[2014-03-01 15:47:55] EDIT Hadoop/controllers/default.py: 0
[2014-03-01 15:47:55] EDIT Hadoop/controllers/default.py: 0
[2014-03-01 15:47:56] EDIT Hadoop/controllers/default.py: 0
[2014-03-01 15:47:56] EDIT Hadoop/controllers/default.py: 0
[2014-03-01 15:47:56] EDIT Hadoop/controllers/default.py: 0
[2014-03-01 23:09:20] EDIT Hadoop/controllers/default.py: 0
[2014-03-01 23:10:03] EDIT Hadoop/controllers/default.py: 0
[2014-03-01 23:12:12] EDIT Hadoop/controllers/default.py: 0
[2014-03-01 23:12:15] EDIT Hadoop/controllers/default.py: 0
[2014-03-01 23:22:04] EDIT Hadoop/controllers/default.py: 0
[2014-03-01 23:22:05] EDIT Hadoop/controllers/default.py: 0
[2014-03-01 23:22:06] EDIT Hadoop/controllers/default.py: 0
[2014-03-01 23:23:24] EDIT Hadoop/controllers/default.py: 0
[2014-03-01 23:24:31] EDIT Hadoop/controllers/default.py: 0
[2014-03-01 23:24:42] EDIT Hadoop/controllers/default.py: 0
[2014-03-01 23:27:51] EDIT Hadoop/controllers/default.py: -1
[2014-03-01 23:28:15] EDIT Hadoop/controllers/default.py: 1
[2014-03-01 23:54:43] EDIT Hadoop/controllers/default.py: 3
[2014-03-05 23:07:15] EDIT Hadoop/controllers/default.py: 14
[2014-03-05 23:12:06] EDIT Hadoop/controllers/default.py: 0
[2014-03-05 23:21:44] EDIT Hadoop/controllers/default.py: 20
[2014-03-05 23:26:59] EDIT Hadoop/controllers/default.py: 0
[2014-03-05 23:27:05] EDIT Hadoop/controllers/default.py: -1
[2014-03-05 23:27:25] EDIT Hadoop/controllers/default.py: -3
[2014-03-05 23:30:01] EDIT Hadoop/controllers/default.py: 1
[2014-03-05 23:30:12] EDIT Hadoop/controllers/default.py: 0
[2014-03-06 00:36:53] CREATE default/running_jobs.html: 0
[2014-03-06 00:37:18] EDIT Hadoop/views/default/running_jobs.html: 0
[2014-03-06 00:37:41] EDIT Hadoop/views/default/running_jobs.html: 2
[2014-03-06 00:38:50] EDIT Hadoop/views/default/running_jobs.html: 1
[2014-03-06 00:52:27] EDIT Hadoop/controllers/default.py: 20
[2014-03-06 00:52:52] EDIT Hadoop/controllers/default.py: 0
[2014-03-06 01:03:46] EDIT Hadoop/controllers/default.py: 0
[2014-03-06 01:06:50] EDIT Hadoop/controllers/default.py: 0
[2014-03-06 01:07:58] EDIT Hadoop/controllers/default.py: 0
[2014-03-06 01:08:49] EDIT Hadoop/controllers/default.py: 0
[2014-03-06 01:12:02] EDIT Hadoop/controllers/default.py: -4
[2014-03-06 01:12:05] EDIT Hadoop/controllers/default.py: 0
[2014-03-06 01:12:44] EDIT Hadoop/views/default/running_jobs.html: 1
[2014-03-06 01:12:59] EDIT Hadoop/views/default/running_jobs.html: 1
[2014-03-06 01:13:02] EDIT Hadoop/views/default/running_jobs.html: -1
[2014-03-06 01:14:46] EDIT Hadoop/views/default/running_jobs.html: 1
[2014-03-06 01:14:56] EDIT Hadoop/views/default/running_jobs.html: -2
[2014-03-06 01:15:20] EDIT Hadoop/views/default/running_jobs.html: 0
[2014-03-06 01:16:34] EDIT Hadoop/controllers/default.py: 1
[2014-03-06 01:17:57] EDIT Hadoop/views/default/running_jobs.html: 0
[2014-03-06 01:18:00] EDIT Hadoop/views/default/running_jobs.html: 0
[2014-03-06 01:18:10] EDIT Hadoop/views/default/running_jobs.html: -1
[2014-03-06 01:24:51] EDIT Hadoop/controllers/default.py: 1
[2014-03-06 01:25:23] EDIT Hadoop/controllers/default.py: 2
[2014-03-06 01:26:02] EDIT Hadoop/views/default/running_jobs.html: 4
[2014-03-06 01:26:04] EDIT Hadoop/views/default/running_jobs.html: 0
[2014-03-06 01:28:12] EDIT Hadoop/controllers/default.py: 0
[2014-03-06 01:28:59] EDIT Hadoop/controllers/default.py: 0
[2014-03-06 01:31:14] EDIT Hadoop/views/default/running_jobs.html: 2
[2014-03-06 01:31:16] EDIT Hadoop/views/default/running_jobs.html: 0
[2014-03-07 11:09:18] EDIT Hadoop/controllers/default.py: 0
[2014-03-07 11:13:20] EDIT Hadoop/controllers/default.py: 20
[2014-03-07 11:14:04] EDIT Hadoop/controllers/default.py: 0
[2014-03-07 11:14:16] EDIT Hadoop/controllers/default.py: 0
[2014-03-07 11:14:25] EDIT Hadoop/controllers/default.py: 0
[2014-03-07 12:54:38] EDIT Hadoop/controllers/default.py: 4
[2014-03-07 12:54:48] EDIT Hadoop/controllers/default.py: 0
[2014-03-07 12:55:17] EDIT Hadoop/views/default/running_jobs.html: 5
[2014-03-07 12:55:28] EDIT Hadoop/views/default/running_jobs.html: 0
[2014-03-07 13:41:32] EDIT Hadoop/controllers/default.py: 0
[2014-03-07 13:41:33] EDIT Hadoop/controllers/default.py: 0
[2014-03-07 13:45:05] EDIT Hadoop/controllers/default.py: 0
[2014-03-07 13:46:22] EDIT Hadoop/controllers/default.py: 0
[2014-03-07 13:47:17] EDIT Hadoop/controllers/default.py: 0
[2014-03-07 13:47:26] EDIT Hadoop/controllers/default.py: 0
[2014-03-07 13:49:02] EDIT Hadoop/controllers/default.py: 0
[2014-03-07 13:49:18] EDIT Hadoop/controllers/default.py: 0
[2014-03-07 13:49:18] EDIT Hadoop/controllers/default.py: 0
[2014-03-07 13:49:19] EDIT Hadoop/controllers/default.py: 0
[2014-03-07 13:49:37] EDIT Hadoop/controllers/default.py: 0
[2014-03-07 13:49:46] EDIT Hadoop/controllers/default.py: 0
[2014-03-07 13:55:28] EDIT Hadoop/controllers/default.py: 0
[2014-03-07 14:07:09] EDIT Hadoop/controllers/default.py: 0
[2014-03-07 14:07:53] EDIT Hadoop/controllers/default.py: 0
[2014-03-07 14:07:55] EDIT Hadoop/controllers/default.py: 0
[2014-03-07 14:08:04] EDIT Hadoop/controllers/default.py: 0
[2014-03-07 16:41:30] EDIT Hadoop/controllers/default.py: 0
[2014-03-07 16:41:45] EDIT Hadoop/controllers/default.py: 1
[2014-03-07 16:41:48] EDIT Hadoop/controllers/default.py: -1
[2014-03-07 16:44:35] EDIT Hadoop/controllers/default.py: 2
[2014-03-07 16:45:29] EDIT Hadoop/controllers/default.py: 0
[2014-03-07 16:46:07] EDIT Hadoop/controllers/default.py: 144
[2014-03-07 16:46:38] EDIT Hadoop/controllers/default.py: 0
[2014-03-07 16:47:11] EDIT Hadoop/controllers/default.py: 0
[2014-03-07 16:48:25] EDIT Hadoop/controllers/default.py: 0
[2014-03-07 16:48:47] EDIT Hadoop/controllers/default.py: 0
[2014-03-07 16:49:05] EDIT Hadoop/controllers/default.py: 0
[2014-03-07 16:49:20] EDIT Hadoop/controllers/default.py: 0
[2014-03-07 16:49:37] EDIT Hadoop/controllers/default.py: 0
[2014-03-07 16:52:45] EDIT Hadoop/controllers/default.py: 0
[2014-03-07 16:52:56] EDIT Hadoop/controllers/default.py: 0
[2014-03-07 16:53:02] EDIT Hadoop/controllers/default.py: 0
[2014-03-07 16:54:08] EDIT Hadoop/views/default/index.html: 0
[2014-03-07 16:54:12] EDIT Hadoop/views/default/index.html: 0
[2014-03-07 16:55:41] EDIT Hadoop/controllers/default.py: 0
[2014-03-07 16:55:49] EDIT Hadoop/controllers/default.py: 0
[2014-03-07 16:57:06] EDIT Hadoop/views/default/all_jobs.html: 0
[2014-03-07 16:57:15] EDIT Hadoop/controllers/default.py: 0
[2014-03-07 16:57:16] EDIT Hadoop/controllers/default.py: 0
[2014-03-07 16:57:30] EDIT Hadoop/views/default/all_jobs.html: 0
[2014-03-07 16:58:45] EDIT Hadoop/views/default/index.html: 0
[2014-03-07 17:00:03] EDIT Hadoop/views/default/all_jobs.html: -17
[2014-03-07 17:00:03] EDIT Hadoop/views/default/all_jobs.html: 0
[2014-03-07 17:00:40] EDIT Hadoop/views/default/all_jobs.html: -1
[2014-03-07 17:00:57] EDIT Hadoop/views/default/all_jobs.html: 20
[2014-03-07 17:01:06] EDIT Hadoop/views/default/all_jobs.html: 0
[2014-03-07 17:01:06] EDIT Hadoop/views/default/all_jobs.html: 0
[2014-03-07 17:01:50] EDIT Hadoop/views/default/all_jobs.html: 0
[2014-03-07 17:02:14] EDIT Hadoop/views/default/all_jobs.html: -3
[2014-03-07 17:05:17] EDIT Hadoop/views/default/all_jobs.html: 8
[2014-03-07 17:06:02] EDIT Hadoop/views/default/all_jobs.html: -3
[2014-03-07 17:06:03] EDIT Hadoop/views/default/all_jobs.html: 0
[2014-03-07 17:06:26] EDIT Hadoop/controllers/default.py: 0
[2014-03-07 17:07:10] EDIT Hadoop/views/default/all_jobs.html: 50
[2014-03-07 17:07:34] EDIT Hadoop/views/default/all_jobs.html: 0
[2014-03-07 17:07:59] EDIT Hadoop/views/default/all_jobs.html: 0
[2014-03-07 17:08:51] EDIT Hadoop/views/default/all_jobs.html: 6
[2014-03-07 17:09:01] EDIT Hadoop/views/default/all_jobs.html: 3
[2014-03-07 17:09:06] EDIT Hadoop/views/default/all_jobs.html: 0
[2014-03-07 17:09:44] EDIT Hadoop/views/default/all_jobs.html: -6
[2014-03-07 17:09:45] EDIT Hadoop/views/default/all_jobs.html: 0
[2014-03-07 17:11:04] EDIT Hadoop/views/default/all_jobs.html: 5
[2014-03-07 17:11:18] EDIT Hadoop/views/default/all_jobs.html: 0
[2014-03-07 17:11:51] EDIT Hadoop/views/default/all_jobs.html: 1
[2014-03-07 17:12:23] EDIT Hadoop/views/default/all_jobs.html: 1
[2014-03-07 17:12:37] EDIT Hadoop/views/default/all_jobs.html: 0
[2014-03-07 17:12:40] EDIT Hadoop/views/default/all_jobs.html: -1
[2014-03-07 17:13:01] EDIT Hadoop/views/default/all_jobs.html: 0
[2014-03-07 17:13:18] EDIT Hadoop/views/default/all_jobs.html: 0
[2014-03-07 17:13:46] EDIT Hadoop/views/default/all_jobs.html: 0
[2014-03-07 17:13:54] EDIT Hadoop/views/default/all_jobs.html: -1
[2014-03-07 17:13:55] EDIT Hadoop/views/default/all_jobs.html: 0
[2014-03-07 17:13:55] EDIT Hadoop/views/default/all_jobs.html: 0
[2014-03-07 17:13:55] EDIT Hadoop/views/default/all_jobs.html: 0
[2014-03-07 17:13:56] EDIT Hadoop/views/default/all_jobs.html: 0
[2014-03-07 17:14:09] EDIT Hadoop/views/default/all_jobs.html: -1
[2014-03-07 17:14:09] EDIT Hadoop/views/default/all_jobs.html: 0
[2014-03-07 17:14:09] EDIT Hadoop/views/default/all_jobs.html: 0
[2014-03-07 17:14:09] EDIT Hadoop/views/default/all_jobs.html: 0
[2014-03-07 17:15:19] EDIT Hadoop/views/default/all_jobs.html: 0
[2014-03-07 17:17:01] EDIT Hadoop/controllers/default.py: 1
[2014-03-07 17:17:02] EDIT Hadoop/controllers/default.py: 0
[2014-03-07 17:17:02] EDIT Hadoop/controllers/default.py: 0
[2014-03-07 17:17:02] EDIT Hadoop/controllers/default.py: 0
[2014-03-07 17:17:02] EDIT Hadoop/controllers/default.py: 0
[2014-03-07 17:17:03] EDIT Hadoop/controllers/default.py: 0
[2014-03-07 17:17:03] EDIT Hadoop/controllers/default.py: 0
[2014-03-07 17:17:03] EDIT Hadoop/controllers/default.py: 0
[2014-03-07 17:19:47] EDIT Hadoop/views/default/all_jobs.html: 0
[2014-03-07 17:19:48] EDIT Hadoop/views/default/all_jobs.html: 0
[2014-03-07 17:21:11] EDIT Hadoop/controllers/default.py: 0
[2014-03-07 17:21:34] EDIT Hadoop/controllers/default.py: 1
[2014-03-07 17:21:34] EDIT Hadoop/controllers/default.py: 0
[2014-03-07 17:21:34] EDIT Hadoop/controllers/default.py: 0
[2014-03-07 17:21:58] EDIT Hadoop/controllers/default.py: 0
[2014-03-07 17:21:58] EDIT Hadoop/controllers/default.py: 0
[2014-03-07 17:21:58] EDIT Hadoop/controllers/default.py: 0
[2014-03-07 17:22:26] EDIT Hadoop/controllers/default.py: 3
[2014-03-07 17:22:32] EDIT Hadoop/controllers/default.py: 0
[2014-03-07 17:22:32] EDIT Hadoop/controllers/default.py: 0
[2014-03-07 17:24:02] EDIT Hadoop/controllers/default.py: -3
[2014-03-07 17:24:22] EDIT Hadoop/controllers/default.py: 0
[2014-03-07 17:25:10] EDIT Hadoop/views/default/all_jobs.html: 0
[2014-03-07 17:25:11] EDIT Hadoop/views/default/all_jobs.html: 0
[2014-03-07 17:25:11] EDIT Hadoop/views/default/all_jobs.html: 0
[2014-03-07 17:25:37] EDIT Hadoop/views/default/index.html: 0
[2014-03-07 17:26:05] EDIT Hadoop/views/default/index.html: 0
[2014-03-07 17:26:05] EDIT Hadoop/views/default/index.html: 0
[2014-03-07 17:31:06] EDIT Hadoop/controllers/default.py: 0
[2014-03-07 17:31:07] EDIT Hadoop/controllers/default.py: 0
[2014-03-07 17:31:08] EDIT Hadoop/controllers/default.py: 0
[2014-03-07 17:31:51] EDIT Hadoop/controllers/default.py: 20
[2014-03-07 17:31:52] EDIT Hadoop/controllers/default.py: 0
[2014-03-07 17:31:52] EDIT Hadoop/controllers/default.py: 0
[2014-03-07 17:32:28] EDIT Hadoop/views/default/all_jobs.html: 0
[2014-03-07 17:32:28] EDIT Hadoop/views/default/all_jobs.html: 0
[2014-03-07 17:32:29] EDIT Hadoop/views/default/all_jobs.html: 0
[2014-03-07 17:32:29] EDIT Hadoop/views/default/all_jobs.html: 0
[2014-03-07 17:32:29] EDIT Hadoop/views/default/all_jobs.html: 0
[2014-03-07 17:32:29] EDIT Hadoop/views/default/all_jobs.html: 0
[2014-03-07 17:32:29] EDIT Hadoop/views/default/all_jobs.html: 0
[2014-03-07 17:34:26] EDIT Hadoop/views/default/sql1.html: 0
[2014-03-07 17:34:38] EDIT Hadoop/views/default/hdfs1.html: 0
[2014-03-07 17:35:44] EDIT Hadoop/controllers/default.py: 0
[2014-03-07 17:35:45] EDIT Hadoop/controllers/default.py: 0
[2014-03-07 17:36:20] EDIT Hadoop/controllers/default.py: 0
[2014-03-07 17:36:30] EDIT Hadoop/controllers/default.py: 1
[2014-03-07 17:38:18] EDIT Hadoop/controllers/default.py: 0
[2014-03-07 17:38:25] EDIT Hadoop/controllers/default.py: 0
[2014-03-07 17:38:44] EDIT Hadoop/controllers/default.py: 2
[2014-03-07 17:38:45] EDIT Hadoop/controllers/default.py: 0
[2014-03-07 17:40:02] EDIT Hadoop/controllers/default.py: 3
[2014-03-07 17:40:30] EDIT Hadoop/controllers/default.py: 0
[2014-03-07 17:40:30] EDIT Hadoop/controllers/default.py: 0
[2014-03-07 17:40:30] EDIT Hadoop/controllers/default.py: 0
[2014-03-07 17:43:11] EDIT Hadoop/views/default/sql1.html: 0
[2014-03-07 17:44:36] EDIT Hadoop/views/default/hdfs1.html: 0
[2014-03-07 17:44:36] EDIT Hadoop/views/default/hdfs1.html: 0
[2014-03-07 17:45:13] EDIT Hadoop/views/default/hdfs1.html: 0
[2014-03-07 17:45:14] EDIT Hadoop/views/default/hdfs1.html: 0
[2014-03-07 17:45:14] EDIT Hadoop/views/default/hdfs1.html: 0
[2014-03-07 17:45:29] EDIT Hadoop/views/default/sql1.html: 0
[2014-03-07 17:45:29] EDIT Hadoop/views/default/sql1.html: 0
[2014-03-07 17:47:17] EDIT Hadoop/controllers/default.py: 1
[2014-03-07 17:47:17] EDIT Hadoop/controllers/default.py: 0
[2014-03-07 17:47:18] EDIT Hadoop/controllers/default.py: 0
[2014-03-07 17:48:33] EDIT Hadoop/controllers/default.py: 0
[2014-03-07 17:50:30] EDIT Hadoop/views/default/sql1.html: 0
[2014-03-07 17:50:47] EDIT Hadoop/views/default/sql1.html: 0
[2014-03-07 17:51:01] EDIT Hadoop/views/default/sql1.html: 0
[2014-03-07 17:51:05] EDIT Hadoop/views/default/sql1.html: 0
[2014-03-07 17:51:05] EDIT Hadoop/views/default/sql1.html: 0
[2014-03-07 17:51:07] EDIT Hadoop/views/default/sql1.html: 0
[2014-03-07 17:54:08] EDIT Hadoop/views/default/sql1.html: 1
[2014-03-07 17:56:25] EDIT Hadoop/views/default/sql1.html: 1
[2014-03-07 17:56:25] EDIT Hadoop/views/default/sql1.html: 0
[2014-03-07 17:56:47] EDIT Hadoop/controllers/default.py: 0
[2014-03-07 17:56:48] EDIT Hadoop/controllers/default.py: 0
[2014-03-07 17:56:48] EDIT Hadoop/controllers/default.py: 0
[2014-03-07 17:56:48] EDIT Hadoop/controllers/default.py: 0
[2014-03-07 17:58:16] EDIT Hadoop/controllers/default.py: 3
[2014-03-07 17:58:16] EDIT Hadoop/controllers/default.py: 0
[2014-03-07 17:58:17] EDIT Hadoop/controllers/default.py: 0
[2014-03-07 17:58:17] EDIT Hadoop/controllers/default.py: 0
[2014-03-07 17:58:17] EDIT Hadoop/controllers/default.py: 0
[2014-03-07 17:58:30] EDIT Hadoop/controllers/default.py: -3
[2014-03-07 17:58:37] EDIT Hadoop/controllers/default.py: 2
[2014-03-07 17:58:45] EDIT Hadoop/controllers/default.py: 0
[2014-03-07 17:58:46] EDIT Hadoop/controllers/default.py: 0
[2014-03-07 17:58:46] EDIT Hadoop/controllers/default.py: 0
[2014-03-07 17:58:46] EDIT Hadoop/controllers/default.py: 0
[2014-03-07 17:58:47] EDIT Hadoop/controllers/default.py: 0
[2014-03-07 17:58:47] EDIT Hadoop/controllers/default.py: 0
[2014-03-07 17:58:47] EDIT Hadoop/controllers/default.py: 0
[2014-03-07 17:58:59] EDIT Hadoop/controllers/default.py: -8
[2014-03-07 17:59:00] EDIT Hadoop/controllers/default.py: 0
[2014-03-07 17:59:00] EDIT Hadoop/controllers/default.py: 0
[2014-03-07 17:59:00] EDIT Hadoop/controllers/default.py: 0
[2014-03-07 17:59:01] EDIT Hadoop/controllers/default.py: 0
[2014-03-07 17:59:42] EDIT Hadoop/controllers/default.py: 1
[2014-03-07 17:59:42] EDIT Hadoop/controllers/default.py: 0
[2014-03-07 17:59:42] EDIT Hadoop/controllers/default.py: 0
[2014-03-07 17:59:42] EDIT Hadoop/controllers/default.py: 0
[2014-03-07 18:00:31] EDIT Hadoop/controllers/default.py: -1
[2014-03-07 18:00:31] EDIT Hadoop/controllers/default.py: 0
[2014-03-07 18:00:31] EDIT Hadoop/controllers/default.py: 0
[2014-03-07 18:01:07] EDIT Hadoop/controllers/default.py: 2
[2014-03-07 18:01:07] EDIT Hadoop/controllers/default.py: 0
[2014-03-07 18:01:32] EDIT Hadoop/controllers/default.py: 1
[2014-03-07 18:01:58] EDIT Hadoop/controllers/default.py: 0
[2014-03-07 18:01:58] EDIT Hadoop/controllers/default.py: 0
[2014-03-07 18:01:58] EDIT Hadoop/controllers/default.py: 0
[2014-03-07 18:01:58] EDIT Hadoop/controllers/default.py: 0
[2014-03-07 18:01:58] EDIT Hadoop/controllers/default.py: 0
[2014-03-07 18:02:41] EDIT Hadoop/controllers/default.py: 1
[2014-03-07 18:02:41] EDIT Hadoop/controllers/default.py: 0
[2014-03-07 18:02:41] EDIT Hadoop/controllers/default.py: 0
[2014-03-07 18:02:41] EDIT Hadoop/controllers/default.py: 0
[2014-03-07 18:03:58] EDIT Hadoop/controllers/default.py: 1
[2014-03-07 18:04:33] EDIT Hadoop/controllers/default.py: 1
[2014-03-07 18:04:59] EDIT Hadoop/controllers/default.py: 0
[2014-03-07 18:06:06] EDIT Hadoop/controllers/default.py: -2
[2014-03-07 18:06:18] EDIT Hadoop/controllers/default.py: 0
[2014-03-07 18:06:34] EDIT Hadoop/controllers/default.py: 0
[2014-03-07 18:06:35] EDIT Hadoop/controllers/default.py: 0
[2014-03-07 18:06:56] EDIT Hadoop/controllers/default.py: 0
[2014-03-08 21:52:34] EDIT Hadoop/controllers/default.py: 0
[2014-03-08 21:52:37] EDIT Hadoop/controllers/default.py: 0
[2014-03-08 21:55:17] EDIT Hadoop/views/default/all_jobs.html: 4
[2014-03-08 21:55:19] EDIT Hadoop/views/default/all_jobs.html: 0
[2014-03-08 21:55:49] EDIT Hadoop/views/default/all_jobs.html: -6
[2014-03-08 21:55:58] EDIT Hadoop/views/default/all_jobs.html: -1
[2014-03-08 21:56:05] EDIT Hadoop/views/default/all_jobs.html: 0
[2014-03-08 21:56:14] EDIT Hadoop/views/default/all_jobs.html: 0
[2014-03-08 21:57:54] EDIT Hadoop/views/default/all_jobs.html: 0
[2014-03-08 21:57:56] EDIT Hadoop/views/default/all_jobs.html: 0
[2014-03-08 21:59:00] EDIT Hadoop/views/default/all_jobs.html: 0
[2014-03-08 21:59:15] EDIT Hadoop/views/default/all_jobs.html: 0
[2014-03-08 22:03:30] EDIT Hadoop/views/default/all_jobs.html: 0
[2014-03-08 22:03:37] EDIT Hadoop/views/default/all_jobs.html: 0
[2014-03-08 22:03:40] EDIT Hadoop/views/default/all_jobs.html: 0
[2014-03-08 22:03:48] EDIT Hadoop/controllers/default.py: 2
[2014-03-08 22:04:06] EDIT Hadoop/controllers/default.py: 1
[2014-03-08 22:04:20] EDIT Hadoop/controllers/default.py: -1
[2014-03-08 22:06:46] EDIT Hadoop/controllers/default.py: 0
[2014-03-08 22:07:51] EDIT Hadoop/controllers/default.py: 1
[2014-03-08 22:08:20] EDIT Hadoop/controllers/default.py: 2
[2014-03-08 22:08:28] EDIT Hadoop/controllers/default.py: 0
[2014-03-08 22:08:31] EDIT Hadoop/controllers/default.py: 0
[2014-03-08 22:08:31] EDIT Hadoop/controllers/default.py: 0
[2014-03-08 22:08:43] EDIT Hadoop/controllers/default.py: 0
[2014-03-08 22:10:14] EDIT Hadoop/controllers/default.py: 0
[2014-03-08 22:10:26] EDIT Hadoop/controllers/default.py: 0
[2014-03-08 22:14:38] EDIT Hadoop/controllers/default.py: 0
[2014-03-08 22:14:55] EDIT Hadoop/controllers/default.py: -2
[2014-03-08 22:15:01] EDIT Hadoop/controllers/default.py: 2
[2014-03-08 22:15:02] EDIT Hadoop/controllers/default.py: 0
[2014-03-08 22:15:09] EDIT Hadoop/controllers/default.py: 0
[2014-03-08 22:15:11] EDIT Hadoop/controllers/default.py: 0
[2014-03-08 22:17:16] EDIT Hadoop/views/default/sql1.html: 0
[2014-03-08 22:17:17] EDIT Hadoop/views/default/sql1.html: 0
[2014-03-08 22:17:24] EDIT Hadoop/views/default/hdfs1.html: 0
[2014-03-08 22:21:04] EDIT Hadoop/controllers/default.py: -51
[2014-03-08 22:21:13] EDIT Hadoop/controllers/default.py: -2
[2014-03-08 22:21:14] EDIT Hadoop/controllers/default.py: 0
[2014-03-08 22:23:49] EDIT Hadoop/controllers/default.py: -1
[2014-03-08 22:32:04] EDIT Hadoop/controllers/default.py: 0
[2014-03-08 22:33:21] EDIT Hadoop/controllers/default.py: 1
[2014-03-08 22:33:30] EDIT Hadoop/controllers/default.py: 0
[2014-03-08 22:33:31] EDIT Hadoop/controllers/default.py: 0
[2014-03-08 22:33:32] EDIT Hadoop/controllers/default.py: 0
[2014-03-08 22:33:33] EDIT Hadoop/controllers/default.py: 0
[2014-03-08 22:33:33] EDIT Hadoop/controllers/default.py: 0
[2014-03-08 22:33:33] EDIT Hadoop/controllers/default.py: 0
[2014-03-08 22:33:33] EDIT Hadoop/controllers/default.py: 0
[2014-03-08 22:33:33] EDIT Hadoop/controllers/default.py: 0
[2014-03-08 22:34:33] EDIT Hadoop/controllers/default.py: 1
[2014-03-08 22:34:36] EDIT Hadoop/controllers/default.py: 0
[2014-03-08 22:37:01] EDIT Hadoop/controllers/default.py: 0
[2014-03-08 22:37:04] EDIT Hadoop/controllers/default.py: 0
[2014-03-08 22:38:44] EDIT Hadoop/controllers/default.py: -4
[2014-03-08 22:39:13] EDIT Hadoop/controllers/default.py: -7
[2014-03-08 22:39:38] EDIT Hadoop/controllers/default.py: -1
[2014-03-08 22:40:19] EDIT Hadoop/controllers/default.py: 0
[2014-03-08 22:40:19] EDIT Hadoop/controllers/default.py: 0
[2014-03-08 22:40:20] EDIT Hadoop/controllers/default.py: 0
[2014-03-08 22:40:20] EDIT Hadoop/controllers/default.py: 0
[2014-03-08 22:40:21] EDIT Hadoop/controllers/default.py: 0
[2014-03-08 22:40:21] EDIT Hadoop/controllers/default.py: 0
[2014-03-08 22:40:21] EDIT Hadoop/controllers/default.py: 0
[2014-03-08 22:45:15] EDIT Hadoop/controllers/default.py: -13
[2014-03-08 22:45:21] EDIT Hadoop/controllers/default.py: -1
[2014-03-08 22:45:38] EDIT Hadoop/controllers/default.py: -1
[2014-03-08 22:45:48] EDIT Hadoop/controllers/default.py: -6
[2014-03-08 22:46:08] EDIT Hadoop/controllers/default.py: -7
[2014-03-08 22:47:40] EDIT Hadoop/controllers/default.py: -62
[2014-03-08 22:49:32] EDIT Hadoop/controllers/default.py: -20
[2014-03-08 22:51:18] EDIT Hadoop/views/default/all_jobs.html: 6
[2014-03-08 22:51:55] EDIT Hadoop/views/default/all_jobs.html: 6
[2014-03-08 22:51:55] EDIT Hadoop/views/default/all_jobs.html: 0
[2014-03-08 22:51:56] EDIT Hadoop/views/default/all_jobs.html: 0
[2014-03-08 22:55:12] EDIT Hadoop/controllers/default.py: 0
[2014-03-08 22:55:14] EDIT Hadoop/controllers/default.py: 0
[2014-03-08 22:55:15] EDIT Hadoop/controllers/default.py: 0
[2014-03-08 22:55:15] EDIT Hadoop/controllers/default.py: 0
[2014-03-08 22:55:26] EDIT Hadoop/controllers/default.py: 0
[2014-03-08 22:55:27] EDIT Hadoop/controllers/default.py: 0
[2014-03-08 22:55:59] EDIT Hadoop/views/default/all_jobs.html: 0
[2014-03-08 22:56:08] EDIT Hadoop/views/default/all_jobs.html: 0
[2014-03-08 23:00:26] EDIT Hadoop/controllers/default.py: 0
[2014-03-08 23:02:38] EDIT Hadoop/controllers/default.py: 0
[2014-03-08 23:03:41] EDIT Hadoop/controllers/default.py: 0
[2014-03-08 23:03:46] EDIT Hadoop/controllers/default.py: 0
[2014-03-08 23:05:47] EDIT Hadoop/controllers/default.py: 1
[2014-03-08 23:05:51] EDIT Hadoop/controllers/default.py: 0
[2014-03-08 23:05:52] EDIT Hadoop/controllers/default.py: 0
[2014-03-08 23:06:05] EDIT Hadoop/controllers/default.py: 1
[2014-03-08 23:07:29] EDIT Hadoop/controllers/default.py: 0
[2014-03-08 23:07:32] EDIT Hadoop/controllers/default.py: 0
[2014-03-08 23:08:49] EDIT Hadoop/controllers/default.py: 2
[2014-03-08 23:10:18] EDIT Hadoop/controllers/default.py: 0
[2014-03-08 23:10:18] EDIT Hadoop/controllers/default.py: 0
[2014-03-08 23:10:18] EDIT Hadoop/controllers/default.py: 0
[2014-03-08 23:10:20] EDIT Hadoop/controllers/default.py: 0
[2014-03-08 23:10:20] EDIT Hadoop/controllers/default.py: 0
[2014-03-08 23:10:20] EDIT Hadoop/controllers/default.py: 0
[2014-03-08 23:11:14] EDIT Hadoop/controllers/default.py: 0
[2014-03-08 23:11:15] EDIT Hadoop/controllers/default.py: 0
[2014-03-08 23:11:15] EDIT Hadoop/controllers/default.py: 0
[2014-03-08 23:11:21] EDIT Hadoop/controllers/default.py: 0
[2014-03-08 23:11:30] EDIT Hadoop/controllers/default.py: 0
[2014-03-08 23:13:46] EDIT Hadoop/views/default/all_jobs.html: 1
[2014-03-08 23:13:47] EDIT Hadoop/views/default/all_jobs.html: 0
[2014-03-08 23:13:51] EDIT Hadoop/views/default/all_jobs.html: 0
[2014-03-08 23:13:54] EDIT Hadoop/views/default/all_jobs.html: 0
[2014-03-08 23:13:55] EDIT Hadoop/views/default/all_jobs.html: 0
[2014-03-08 23:14:49] EDIT Hadoop/views/default/all_jobs.html: 0
[2014-03-08 23:14:50] EDIT Hadoop/views/default/all_jobs.html: 0
[2014-03-08 23:15:20] EDIT Hadoop/views/default/all_jobs.html: 0
[2014-03-08 23:15:28] EDIT Hadoop/views/default/all_jobs.html: 0
[2014-03-08 23:15:28] EDIT Hadoop/views/default/all_jobs.html: 0
[2014-03-08 23:17:09] EDIT Hadoop/controllers/default.py: -8
[2014-03-08 23:17:09] EDIT Hadoop/controllers/default.py: 0
[2014-03-08 23:17:09] EDIT Hadoop/controllers/default.py: 0
[2014-03-08 23:26:32] EDIT Hadoop/controllers/default.py: 1
[2014-03-08 23:26:36] EDIT Hadoop/controllers/default.py: 0
[2014-03-08 23:28:28] EDIT Hadoop/controllers/default.py: 3
[2014-03-08 23:29:34] EDIT Hadoop/controllers/default.py: -4
[2014-03-08 23:44:23] EDIT Hadoop/views/default/sql1.html: 0
[2014-03-08 23:47:19] EDIT Hadoop/controllers/default.py: 0
[2014-03-08 23:48:14] EDIT Hadoop/views/default/all_jobs.html: 0
[2014-03-08 23:49:01] EDIT Hadoop/views/default/all_jobs.html: 0
[2014-03-08 23:49:11] EDIT Hadoop/controllers/default.py: 0
[2014-03-08 23:52:48] EDIT Hadoop/controllers/default.py: 1
[2014-03-08 23:52:49] EDIT Hadoop/controllers/default.py: 0
[2014-03-08 23:54:54] EDIT Hadoop/controllers/default.py: 1
[2014-03-08 23:55:15] EDIT Hadoop/controllers/default.py: 1
[2014-03-08 23:55:18] EDIT Hadoop/controllers/default.py: 0
[2014-03-08 23:58:41] EDIT Hadoop/views/default/all_jobs.html: 0
[2014-03-08 23:58:42] EDIT Hadoop/views/default/all_jobs.html: 0
[2014-03-09 00:02:42] EDIT Hadoop/controllers/default.py: 1
[2014-03-09 00:06:16] EDIT Hadoop/controllers/default.py: 5
[2014-03-09 00:06:25] EDIT Hadoop/controllers/default.py: 0
[2014-03-09 00:06:27] EDIT Hadoop/controllers/default.py: 0
[2014-03-09 00:06:37] EDIT Hadoop/controllers/default.py: 0
[2014-03-09 00:07:01] EDIT Hadoop/controllers/default.py: 2
[2014-03-09 00:07:13] EDIT Hadoop/controllers/default.py: 0
[2014-03-09 00:07:14] EDIT Hadoop/controllers/default.py: 0
[2014-03-09 00:07:15] EDIT Hadoop/controllers/default.py: 0
[2014-03-09 00:07:17] EDIT Hadoop/controllers/default.py: 0
[2014-03-09 00:09:18] EDIT Hadoop/controllers/default.py: -8
[2014-03-09 00:09:19] EDIT Hadoop/controllers/default.py: 0
[2014-03-09 00:09:19] EDIT Hadoop/controllers/default.py: 0
[2014-03-09 00:09:19] EDIT Hadoop/controllers/default.py: 0
[2014-03-09 00:09:20] EDIT Hadoop/controllers/default.py: 0
[2014-03-09 00:09:21] EDIT Hadoop/controllers/default.py: 0
[2014-03-09 00:09:21] EDIT Hadoop/controllers/default.py: 0
[2014-03-09 00:09:21] EDIT Hadoop/controllers/default.py: 0
[2014-03-09 00:09:54] EDIT Hadoop/controllers/default.py: 1
[2014-03-09 00:10:28] EDIT Hadoop/controllers/default.py: 1
[2014-03-09 00:10:34] EDIT Hadoop/controllers/default.py: 0
[2014-03-09 00:11:11] EDIT Hadoop/controllers/default.py: 2
[2014-03-09 00:12:34] EDIT Hadoop/controllers/default.py: 3
[2014-03-09 00:12:35] EDIT Hadoop/controllers/default.py: 0
[2014-03-09 00:12:35] EDIT Hadoop/controllers/default.py: 0
[2014-03-09 00:12:35] EDIT Hadoop/controllers/default.py: 0
[2014-03-09 00:12:35] EDIT Hadoop/controllers/default.py: 0
[2014-03-09 00:12:35] EDIT Hadoop/controllers/default.py: 0
[2014-03-09 00:12:36] EDIT Hadoop/controllers/default.py: 0
[2014-03-09 00:12:36] EDIT Hadoop/controllers/default.py: 0
[2014-03-09 00:12:36] EDIT Hadoop/controllers/default.py: 0
[2014-03-09 00:14:46] EDIT Hadoop/controllers/default.py: 0
[2014-03-09 00:16:02] EDIT Hadoop/controllers/default.py: 0
[2014-03-09 00:16:07] EDIT Hadoop/controllers/default.py: 0
[2014-03-09 00:17:36] EDIT Hadoop/controllers/default.py: 0
[2014-03-09 00:31:09] EDIT Hadoop/controllers/default.py: 2
[2014-03-09 00:31:10] EDIT Hadoop/controllers/default.py: 0
[2014-03-09 00:31:38] EDIT Hadoop/controllers/default.py: 0
[2014-03-09 00:31:42] EDIT Hadoop/controllers/default.py: 0
[2014-03-09 00:32:45] EDIT Hadoop/controllers/default.py: 0
[2014-03-09 00:32:46] EDIT Hadoop/controllers/default.py: 0
[2014-03-09 00:32:46] EDIT Hadoop/controllers/default.py: 0
[2014-03-09 01:07:51] EDIT Hadoop/controllers/default.py: 0
[2014-03-09 01:07:56] EDIT Hadoop/controllers/default.py: 0
[2014-03-09 01:08:00] EDIT Hadoop/controllers/default.py: 0
[2014-03-09 01:08:11] EDIT Hadoop/controllers/default.py: 0
[2014-03-09 01:11:28] EDIT Hadoop/controllers/default.py: 0
[2014-03-09 01:11:50] EDIT Hadoop/controllers/default.py: 1
[2014-03-09 01:11:51] EDIT Hadoop/controllers/default.py: 0
[2014-03-09 01:11:51] EDIT Hadoop/controllers/default.py: 0
[2014-03-09 01:13:24] EDIT Hadoop/views/default/all_jobs.html: -1
[2014-03-09 01:20:13] EDIT Hadoop/views/default/sql1.html: 12
[2014-03-09 01:20:19] EDIT Hadoop/views/default/sql1.html: 0
[2014-03-09 01:23:03] EDIT Hadoop/views/default/sql1.html: 34
[2014-03-09 01:23:27] EDIT Hadoop/views/default/sql1.html: 0
[2014-03-09 01:25:01] EDIT Hadoop/views/default/sql1.html: 0
[2014-03-09 01:26:05] EDIT Hadoop/views/default/sql1.html: 0
[2014-03-09 01:26:20] EDIT Hadoop/views/default/sql1.html: 0
[2014-03-09 01:26:28] EDIT Hadoop/views/default/sql1.html: 0
[2014-03-09 01:26:39] EDIT Hadoop/views/default/sql1.html: 0
[2014-03-09 01:27:05] EDIT Hadoop/views/default/sql1.html: 0
[2014-03-09 01:28:24] EDIT Hadoop/views/default/sql1.html: 0
[2014-03-09 01:28:41] EDIT Hadoop/views/default/sql1.html: 0
[2014-03-09 01:28:47] EDIT Hadoop/views/default/sql1.html: 0
[2014-03-09 01:29:12] EDIT Hadoop/views/default/sql1.html: 0
[2014-03-09 01:29:20] EDIT Hadoop/views/default/sql1.html: 0
[2014-03-09 01:30:08] EDIT Hadoop/views/default/sql1.html: 0
[2014-03-09 01:30:52] EDIT Hadoop/views/default/sql1.html: 0
[2014-03-09 01:31:13] EDIT Hadoop/views/default/sql1.html: 0
[2014-03-09 01:33:50] EDIT Hadoop/views/default/sql1.html: -1
[2014-03-09 01:34:52] EDIT Hadoop/views/default/sql1.html: -45
[2014-03-09 01:35:29] EDIT Hadoop/views/default/sql1.html: 0
[2014-03-09 01:36:41] EDIT Hadoop/controllers/default.py: -1
[2014-03-09 01:37:12] EDIT Hadoop/views/default/sql1.html: 0
[2014-03-09 01:39:10] EDIT Hadoop/views/default/sql1.html: 1
[2014-03-09 01:41:17] EDIT Hadoop/controllers/default.py: 0
[2014-03-09 01:41:18] EDIT Hadoop/controllers/default.py: 0
[2014-03-09 01:42:02] EDIT Hadoop/views/default/sql1.html: -1
[2014-03-09 01:42:54] EDIT Hadoop/views/default/all_jobs.html: 1
[2014-03-09 01:48:29] EDIT Hadoop/views/default/sql1.html: 0
[2014-03-09 01:50:11] EDIT Hadoop/controllers/default.py: 1
[2014-03-09 01:51:17] EDIT Hadoop/controllers/default.py: 1
[2014-03-09 01:55:03] EDIT Hadoop/controllers/default.py: 0
[2014-03-09 01:55:04] EDIT Hadoop/controllers/default.py: 0
[2014-03-09 01:55:04] EDIT Hadoop/controllers/default.py: 0
[2014-03-09 01:56:33] EDIT Hadoop/controllers/default.py: 0
[2014-03-09 01:58:17] EDIT Hadoop/controllers/default.py: 0
[2014-03-09 01:58:40] EDIT Hadoop/controllers/default.py: -1
[2014-03-09 02:00:25] EDIT Hadoop/controllers/default.py: 1
[2014-03-09 02:01:41] EDIT Hadoop/controllers/default.py: 0
[2014-03-09 02:01:42] EDIT Hadoop/controllers/default.py: 0
[2014-03-09 02:01:46] EDIT Hadoop/controllers/default.py: 0
[2014-03-09 02:03:02] EDIT Hadoop/controllers/default.py: -2
[2014-03-09 02:03:02] EDIT Hadoop/controllers/default.py: 0
[2014-03-09 02:03:02] EDIT Hadoop/controllers/default.py: 0
[2014-03-09 02:03:40] EDIT Hadoop/views/default/all_jobs.html: -1
[2014-03-09 02:07:14] EDIT Hadoop/views/layout.html: -6
[2014-03-09 02:08:04] EDIT Hadoop/views/layout.html: 0
[2014-03-09 02:08:28] EDIT Hadoop/views/layout.html: -15
[2014-03-09 02:08:55] EDIT Hadoop/views/layout.html: 14
[2014-03-09 02:09:18] EDIT Hadoop/views/layout.html: -6
[2014-03-09 02:10:00] EDIT Hadoop/views/layout.html: 13
[2014-03-09 02:10:08] EDIT Hadoop/views/layout.html: -1
[2014-03-09 02:10:18] EDIT Hadoop/views/layout.html: 0
[2014-03-09 02:10:58] EDIT Hadoop/views/layout.html: -3
[2014-03-09 02:11:16] EDIT Hadoop/views/layout.html: 0
[2014-03-09 02:11:50] EDIT Hadoop/views/layout.html: -1
[2014-03-09 02:12:41] EDIT Hadoop/views/default/sql1.html: -1
[2014-03-09 02:13:36] EDIT Hadoop/controllers/default.py: 0
[2014-03-09 02:15:23] EDIT Hadoop/controllers/default.py: -1
[2014-03-09 02:16:47] EDIT Hadoop/views/layout.html: -4
[2014-03-09 02:20:40] EDIT Hadoop/controllers/default.py: 0
[2014-03-09 02:23:47] EDIT Hadoop/controllers/default.py: 0
[2014-03-09 02:23:49] EDIT Hadoop/controllers/default.py: 0
[2014-03-09 02:27:59] EDIT Hadoop/views/default/hdfs1.html: 0
[2014-03-09 13:24:42] EDIT Hadoop/controllers/default.py: 6
[2014-03-09 13:25:05] EDIT Hadoop/controllers/default.py: 2
[2014-03-09 13:25:09] EDIT Hadoop/controllers/default.py: 0
[2014-03-09 13:27:04] EDIT Hadoop/controllers/default.py: 1
[2014-03-09 13:27:05] EDIT Hadoop/controllers/default.py: 0
[2014-03-09 16:34:58] EDIT Hadoop/views/default/all_jobs.html: 1
[2014-03-09 16:35:29] EDIT Hadoop/views/default/all_jobs.html: 0
[2014-03-09 16:35:37] EDIT Hadoop/views/default/all_jobs.html: 1
[2014-03-09 16:36:01] EDIT Hadoop/views/default/all_jobs.html: 0
[2014-03-09 16:36:42] EDIT Hadoop/views/default/all_jobs.html: 0
[2014-03-09 16:37:09] EDIT Hadoop/views/default/all_jobs.html: 2
[2014-03-09 16:46:01] EDIT Hadoop/views/default/all_jobs.html: 6
[2014-03-09 16:46:02] EDIT Hadoop/views/default/all_jobs.html: 0
[2014-03-09 16:46:59] EDIT Hadoop/views/default/all_jobs.html: 0
[2014-03-09 16:47:39] EDIT Hadoop/views/default/all_jobs.html: 2
[2014-03-09 16:48:27] EDIT Hadoop/views/layout.html: -12
[2014-03-09 16:48:43] EDIT Hadoop/views/layout.html: 12
[2014-03-09 16:49:22] EDIT Hadoop/views/default/all_jobs.html: -1
[2014-03-09 16:49:36] EDIT Hadoop/views/default/all_jobs.html: 1
[2014-03-09 16:49:38] EDIT Hadoop/views/default/all_jobs.html: 0
[2014-03-09 16:52:32] EDIT Hadoop/views/default/hdfs1.html: 0
[2014-03-09 16:52:59] EDIT Hadoop/views/default/hdfs1.html: 0
[2014-03-09 16:53:33] EDIT Hadoop/views/default/hdfs1.html: 0
[2014-03-09 16:53:55] EDIT Hadoop/views/default/hdfs1.html: 0
[2014-03-09 16:54:17] EDIT Hadoop/views/default/hdfs1.html: 0
[2014-03-09 16:54:32] EDIT Hadoop/views/default/hdfs1.html: 0
[2014-03-09 17:01:00] EDIT Hadoop/views/default/hdfs1.html: 0
[2014-03-09 17:01:50] EDIT Hadoop/views/default/hdfs1.html: 0
[2014-03-09 17:01:57] EDIT Hadoop/views/default/hdfs1.html: 0
[2014-03-09 17:02:09] EDIT Hadoop/views/default/hdfs1.html: 0
[2014-03-09 17:04:02] EDIT Hadoop/views/default/hdfs1.html: 0
[2014-03-09 17:05:06] EDIT Hadoop/views/default/hdfs1.html: -2
[2014-03-09 17:05:21] EDIT Hadoop/views/default/hdfs1.html: 0
[2014-03-09 17:06:16] EDIT Hadoop/views/default/hdfs1.html: 0
[2014-03-09 17:07:36] EDIT Hadoop/views/default/hdfs1.html: 4
[2014-03-09 17:07:45] EDIT Hadoop/views/default/hdfs1.html: 0
[2014-03-09 17:11:13] EDIT Hadoop/views/default/hdfs1.html: 0
[2014-03-09 17:11:15] EDIT Hadoop/views/default/hdfs1.html: 0
[2014-03-09 17:16:49] EDIT Hadoop/views/default/hdfs1.html: 0
[2014-03-09 17:18:46] EDIT Hadoop/controllers/default.py: 1
[2014-03-09 17:21:53] EDIT Hadoop/controllers/default.py: -2
[2014-03-09 17:22:49] EDIT Hadoop/views/default/hdfs1.html: 0
[2014-03-09 17:22:49] EDIT Hadoop/views/default/hdfs1.html: 0
[2014-03-09 17:22:49] EDIT Hadoop/views/default/hdfs1.html: 0
[2014-03-09 17:23:10] EDIT Hadoop/views/default/hdfs1.html: 0
[2014-03-09 17:23:10] EDIT Hadoop/views/default/hdfs1.html: 0
[2014-03-09 17:23:29] EDIT Hadoop/views/default/hdfs1.html: 0
[2014-03-09 17:23:57] EDIT Hadoop/views/default/hdfs1.html: 0
[2014-03-09 17:24:22] EDIT Hadoop/controllers/default.py: -1
[2014-03-09 17:44:49] EDIT Hadoop/controllers/default.py: 0
[2014-03-09 17:44:49] EDIT Hadoop/controllers/default.py: 0
[2014-03-09 17:45:07] EDIT Hadoop/controllers/default.py: 0
[2014-03-09 17:45:09] EDIT Hadoop/controllers/default.py: 0
[2014-03-09 17:45:09] EDIT Hadoop/controllers/default.py: 0
[2014-03-09 17:45:09] EDIT Hadoop/controllers/default.py: 0
[2014-03-09 17:45:13] EDIT Hadoop/controllers/default.py: 0
[2014-03-09 17:45:14] EDIT Hadoop/controllers/default.py: 0
[2014-03-09 17:45:19] EDIT Hadoop/controllers/default.py: 0
[2014-03-09 17:45:21] EDIT Hadoop/controllers/default.py: 0
[2014-03-09 17:45:21] EDIT Hadoop/controllers/default.py: 0
[2014-03-09 17:45:25] EDIT Hadoop/controllers/default.py: 0
[2014-03-09 17:53:06] EDIT Hadoop/views/default/sql1.html: 0
[2014-03-09 18:13:08] EDIT Hadoop/views/default/sql1.html: 0
[2014-03-09 19:41:02] EDIT Hadoop/views/default/sql1.html: 0
[2014-03-09 19:41:02] EDIT Hadoop/views/default/sql1.html: 0
[2014-03-09 19:41:02] EDIT Hadoop/views/default/sql1.html: 0
[2014-03-09 19:41:05] EDIT Hadoop/views/default/sql1.html: 0
[2014-03-09 19:41:30] EDIT Hadoop/views/default/sql1.html: 0
[2014-03-09 19:42:39] EDIT Hadoop/views/default/hdfs1.html: 0
[2014-03-09 19:42:41] EDIT Hadoop/views/default/hdfs1.html: 0
[2014-03-09 19:43:54] EDIT Hadoop/views/default/hdfs1.html: 0
[2014-03-09 19:43:59] EDIT Hadoop/views/default/hdfs1.html: 0
[2014-03-09 19:44:39] EDIT Hadoop/views/default/hdfs1.html: 0
[2014-03-09 19:45:58] EDIT Hadoop/views/default/hdfs1.html: 0
[2014-03-09 19:45:58] EDIT Hadoop/views/default/hdfs1.html: 0
[2014-03-09 19:47:04] EDIT Hadoop/views/default/hdfs1.html: 0
[2014-03-09 19:47:45] EDIT Hadoop/views/default/hdfs1.html: 0
[2014-03-09 19:49:10] EDIT Hadoop/views/default/hdfs1.html: 0
[2014-03-09 19:49:10] EDIT Hadoop/views/default/hdfs1.html: 0
[2014-03-09 22:49:46] EDIT Hadoop/views/default/all_jobs.html: -1
[2014-03-09 22:51:05] EDIT Hadoop/views/default/all_jobs.html: 0
[2014-03-09 22:51:22] EDIT Hadoop/views/default/all_jobs.html: 1
[2014-03-09 22:51:23] EDIT Hadoop/views/default/all_jobs.html: 0
[2014-03-09 22:52:39] EDIT Hadoop/views/default/all_jobs.html: 0
[2014-03-09 22:52:52] EDIT Hadoop/views/default/all_jobs.html: 0
[2014-03-09 22:54:02] EDIT Hadoop/views/default/all_jobs.html: 0
[2014-03-09 22:54:03] EDIT Hadoop/views/default/all_jobs.html: 0
[2014-03-09 22:54:03] EDIT Hadoop/views/default/all_jobs.html: 0
[2014-03-09 22:54:39] EDIT Hadoop/views/default/all_jobs.html: 0
[2014-03-09 22:55:16] EDIT Hadoop/views/default/all_jobs.html: 0
[2014-03-09 22:57:25] EDIT Hadoop/views/default/all_jobs.html: 0
[2014-03-09 22:58:17] EDIT Hadoop/views/default/all_jobs.html: 0
[2014-03-09 23:01:14] EDIT Hadoop/views/default/all_jobs.html: 1
[2014-03-09 23:01:20] EDIT Hadoop/views/default/all_jobs.html: 0
[2014-03-09 23:01:37] EDIT Hadoop/views/default/all_jobs.html: -1
[2014-03-09 23:02:00] EDIT Hadoop/views/default/all_jobs.html: -1
[2014-03-09 23:02:09] EDIT Hadoop/views/default/all_jobs.html: 0
[2014-03-09 23:02:22] EDIT Hadoop/views/default/all_jobs.html: 0
[2014-03-09 23:02:54] EDIT Hadoop/views/default/all_jobs.html: -1
[2014-03-09 23:02:55] EDIT Hadoop/views/default/all_jobs.html: 0
[2014-03-09 23:03:31] EDIT Hadoop/views/default/all_jobs.html: 0
[2014-03-09 23:03:41] EDIT Hadoop/views/default/all_jobs.html: 0
[2014-03-09 23:05:29] EDIT Hadoop/views/default/all_jobs.html: 0
[2014-03-09 23:06:17] EDIT Hadoop/views/default/all_jobs.html: 0
[2014-03-09 23:06:43] EDIT Hadoop/views/default/all_jobs.html: 0
[2014-03-09 23:07:10] EDIT Hadoop/views/default/all_jobs.html: -1
[2014-03-09 23:07:10] EDIT Hadoop/views/default/all_jobs.html: 0
[2014-03-09 23:07:10] EDIT Hadoop/views/default/all_jobs.html: 0
[2014-03-09 23:07:48] EDIT Hadoop/views/default/all_jobs.html: -1
[2014-03-09 23:08:38] EDIT Hadoop/views/default/all_jobs.html: 0
[2014-03-09 23:08:38] EDIT Hadoop/views/default/all_jobs.html: 0
[2014-03-09 23:09:03] EDIT Hadoop/views/default/all_jobs.html: 0
[2014-03-09 23:09:03] EDIT Hadoop/views/default/all_jobs.html: 0
[2014-03-09 23:09:16] EDIT Hadoop/views/default/all_jobs.html: 0
[2014-03-09 23:09:17] EDIT Hadoop/views/default/all_jobs.html: 0
[2014-03-09 23:09:33] EDIT Hadoop/views/default/all_jobs.html: 0
[2014-03-09 23:10:13] EDIT Hadoop/views/default/all_jobs.html: 0
[2014-03-09 23:10:16] EDIT Hadoop/views/default/all_jobs.html: 0
[2014-03-09 23:10:16] EDIT Hadoop/views/default/all_jobs.html: 0
[2014-03-09 23:12:07] EDIT Hadoop/views/default/all_jobs.html: 0
[2014-03-09 23:13:31] EDIT Hadoop/views/default/all_jobs.html: -2
[2014-03-09 23:22:49] EDIT Hadoop/views/default/all_jobs.html: 1
[2014-03-09 23:23:35] EDIT Hadoop/views/default/all_jobs.html: 137
[2014-03-09 23:26:10] EDIT Hadoop/views/default/all_jobs.html: -6
[2014-03-09 23:26:10] EDIT Hadoop/views/default/all_jobs.html: 0
[2014-03-09 23:26:10] EDIT Hadoop/views/default/all_jobs.html: 0
[2014-03-09 23:26:15] EDIT Hadoop/views/default/all_jobs.html: -1
[2014-03-09 23:26:15] EDIT Hadoop/views/default/all_jobs.html: 0
[2014-03-09 23:26:16] EDIT Hadoop/views/default/all_jobs.html: 0
[2014-03-09 23:27:50] EDIT Hadoop/views/default/all_jobs.html: 1
[2014-03-09 23:28:02] EDIT Hadoop/views/default/all_jobs.html: -19
[2014-03-09 23:28:52] EDIT Hadoop/views/default/all_jobs.html: 0
[2014-03-09 23:28:52] EDIT Hadoop/views/default/all_jobs.html: 0
[2014-03-09 23:29:18] EDIT Hadoop/views/default/all_jobs.html: -21
[2014-03-09 23:29:18] EDIT Hadoop/views/default/all_jobs.html: 0
[2014-03-09 23:29:33] EDIT Hadoop/views/default/all_jobs.html: -1
[2014-03-09 23:29:55] EDIT Hadoop/views/default/all_jobs.html: -6
[2014-03-09 23:30:16] EDIT Hadoop/views/default/all_jobs.html: -14
[2014-03-09 23:30:54] EDIT Hadoop/views/default/all_jobs.html: -32
[2014-03-09 23:33:43] EDIT Hadoop/views/default/all_jobs.html: -14
[2014-03-09 23:33:43] EDIT Hadoop/views/default/all_jobs.html: 0
[2014-03-09 23:33:56] EDIT Hadoop/views/default/all_jobs.html: -2
[2014-03-09 23:34:03] EDIT Hadoop/views/default/all_jobs.html: -2
[2014-03-09 23:34:33] EDIT Hadoop/views/default/all_jobs.html: 0
[2014-03-09 23:34:55] EDIT Hadoop/views/default/all_jobs.html: 0
[2014-03-09 23:35:05] EDIT Hadoop/views/default/all_jobs.html: -1
[2014-03-09 23:35:24] EDIT Hadoop/views/default/all_jobs.html: 0
[2014-03-09 23:36:06] EDIT Hadoop/views/default/all_jobs.html: 0
[2014-03-09 23:36:27] EDIT Hadoop/views/default/all_jobs.html: 0
[2014-03-09 23:36:27] EDIT Hadoop/views/default/all_jobs.html: 0
[2014-03-09 23:36:27] EDIT Hadoop/views/default/all_jobs.html: 0
[2014-03-09 23:36:27] EDIT Hadoop/views/default/all_jobs.html: 0
[2014-03-09 23:36:28] EDIT Hadoop/views/default/all_jobs.html: 0
[2014-03-09 23:37:01] EDIT Hadoop/views/default/all_jobs.html: 0
[2014-03-09 23:37:02] EDIT Hadoop/views/default/all_jobs.html: 0
[2014-03-09 23:37:03] EDIT Hadoop/views/default/all_jobs.html: 0
[2014-03-09 23:37:03] EDIT Hadoop/views/default/all_jobs.html: 0
[2014-03-09 23:37:39] EDIT Hadoop/views/default/all_jobs.html: 1
[2014-03-09 23:37:40] EDIT Hadoop/views/default/all_jobs.html: 0
[2014-03-09 23:37:52] EDIT Hadoop/views/default/all_jobs.html: 0
[2014-03-09 23:38:00] EDIT Hadoop/views/default/all_jobs.html: 0
[2014-03-09 23:38:00] EDIT Hadoop/views/default/all_jobs.html: 0
[2014-03-09 23:38:06] EDIT Hadoop/views/default/all_jobs.html: 0
[2014-03-09 23:38:31] EDIT Hadoop/views/default/all_jobs.html: -2
[2014-03-09 23:38:31] EDIT Hadoop/views/default/all_jobs.html: 0
[2014-03-09 23:39:44] EDIT Hadoop/views/layout.html: -8
[2014-03-09 23:39:44] EDIT Hadoop/views/layout.html: 0
[2014-03-09 23:39:58] EDIT Hadoop/views/layout.html: -12
[2014-03-09 23:42:17] EDIT Hadoop/views/default/sql1.html: 26
[2014-03-09 23:42:18] EDIT Hadoop/views/default/sql1.html: 0
[2014-03-09 23:42:39] EDIT Hadoop/views/default/sql1.html: -12
[2014-03-09 23:42:39] EDIT Hadoop/views/default/sql1.html: 0
[2014-03-10 00:15:33] EDIT Hadoop/controllers/default.py: 10
[2014-03-10 00:15:45] EDIT Hadoop/controllers/default.py: 0
[2014-03-10 00:15:49] EDIT Hadoop/controllers/default.py: 0
[2014-03-10 00:19:28] EDIT Hadoop/views/default/sql1_backup.html: 13
[2014-03-10 00:19:28] EDIT Hadoop/views/default/sql1_backup.html: 0
[2014-03-10 00:19:28] EDIT Hadoop/views/default/sql1_backup.html: 0
[2014-03-10 00:19:29] EDIT Hadoop/views/default/sql1_backup.html: 0
[2014-03-10 00:19:50] EDIT Hadoop/views/default/sql1_backup.html: 0
[2014-03-10 00:19:51] EDIT Hadoop/views/default/sql1_backup.html: 0
[2014-03-10 00:20:32] EDIT Hadoop/views/default/sql1.html: 0
[2014-03-10 00:20:33] EDIT Hadoop/views/default/sql1.html: 0
[2014-03-10 00:24:31] EDIT Hadoop/views/default/sql1_backup.html: 8
[2014-03-10 00:24:31] EDIT Hadoop/views/default/sql1_backup.html: 0
[2014-03-10 00:24:32] EDIT Hadoop/views/default/sql1_backup.html: 0
[2014-03-10 00:24:32] EDIT Hadoop/views/default/sql1_backup.html: 0
[2014-03-10 00:24:32] EDIT Hadoop/views/default/sql1_backup.html: 0
[2014-03-10 00:24:33] EDIT Hadoop/views/default/sql1_backup.html: 0
[2014-03-10 00:24:34] EDIT Hadoop/views/default/sql1_backup.html: 0
[2014-03-10 00:24:34] EDIT Hadoop/views/default/sql1_backup.html: 0
[2014-03-10 00:25:22] EDIT Hadoop/views/default/sql1_backup.html: -2
[2014-03-10 00:25:22] EDIT Hadoop/views/default/sql1_backup.html: 0
[2014-03-10 00:25:23] EDIT Hadoop/views/default/sql1_backup.html: 0
[2014-03-10 00:25:27] EDIT Hadoop/views/default/sql1_backup.html: 0
[2014-03-10 00:25:28] EDIT Hadoop/views/default/sql1_backup.html: 0
[2014-03-10 00:25:38] EDIT Hadoop/views/default/sql1.html: 0
[2014-03-10 00:25:38] EDIT Hadoop/views/default/sql1.html: 0
[2014-03-10 00:31:53] EDIT Hadoop/controllers/default.py: 0
[2014-03-10 00:37:11] EDIT Hadoop/controllers/default.py: 1
[2014-03-10 00:53:07] EDIT Hadoop/views/default/sql1.html: 1
[2014-03-10 00:53:11] EDIT Hadoop/views/default/sql1.html: 0
[2014-03-10 00:53:16] EDIT Hadoop/views/default/sql1.html: 0
[2014-03-10 00:55:22] EDIT Hadoop/views/default/sql1.html: 0
[2014-03-10 00:56:40] EDIT Hadoop/views/default/sql1.html: 0
[2014-03-10 00:57:40] EDIT Hadoop/views/default/sql1.html: 0
[2014-03-10 01:03:38] EDIT Hadoop/controllers/default.py: 2
[2014-03-10 01:12:19] EDIT Hadoop/controllers/default.py: 1
[2014-03-10 01:12:56] EDIT Hadoop/controllers/default.py: 0
[2014-03-10 01:15:44] EDIT Hadoop/views/default/hdfs1.html: 0
[2014-03-10 01:17:56] EDIT Hadoop/controllers/default.py: 0
[2014-03-10 01:40:51] EDIT Hadoop/views/default/all_jobs.html: -1
[2014-03-10 01:41:18] EDIT Hadoop/views/default/all_jobs.html: 0
[2014-03-10 01:42:47] EDIT Hadoop/views/default/all_jobs.html: 0
[2014-03-10 01:43:02] EDIT Hadoop/views/default/all_jobs.html: 0
[2014-03-10 01:46:52] EDIT Hadoop/views/default/hdfs1.html: 3
[2014-03-10 01:47:52] EDIT Hadoop/views/default/hdfs1.html: 2
[2014-03-10 01:50:06] EDIT Hadoop/views/default/hdfs1.html: 3
[2014-03-10 01:51:07] EDIT Hadoop/views/default/hdfs1.html: 2
[2014-03-10 09:26:05] EDIT Hadoop/views/default/hdfs1.html: 1
[2014-03-10 09:26:05] EDIT Hadoop/views/default/hdfs1.html: 0
[2014-03-10 09:27:04] EDIT Hadoop/views/default/hdfs1.html: 0
[2014-03-10 09:28:45] EDIT Hadoop/views/default/hdfs1.html: -4
[2014-03-10 09:29:30] EDIT Hadoop/views/default/hdfs1.html: 1
[2014-03-10 09:30:12] EDIT Hadoop/views/default/hdfs1.html: 0
[2014-03-10 09:30:37] EDIT Hadoop/views/default/hdfs1.html: 0
[2014-03-10 09:31:41] EDIT Hadoop/views/default/hdfs1.html: -3
[2014-03-10 09:32:24] EDIT Hadoop/views/default/hdfs1.html: -1
[2014-03-10 09:32:24] EDIT Hadoop/views/default/hdfs1.html: 0
[2014-03-10 09:33:38] EDIT Hadoop/views/default/hdfs1.html: 3
[2014-03-10 09:33:38] EDIT Hadoop/views/default/hdfs1.html: 0
[2014-03-10 09:33:56] EDIT Hadoop/views/default/hdfs1.html: -3
[2014-03-10 09:33:56] EDIT Hadoop/views/default/hdfs1.html: 0
[2014-03-10 09:33:56] EDIT Hadoop/views/default/hdfs1.html: 0
[2014-03-10 09:34:25] EDIT Hadoop/views/default/hdfs1.html: 1
[2014-03-10 09:34:25] EDIT Hadoop/views/default/hdfs1.html: 0
[2014-03-10 09:34:42] EDIT Hadoop/views/default/hdfs1.html: 0
[2014-03-10 09:34:42] EDIT Hadoop/views/default/hdfs1.html: 0
[2014-03-10 09:34:42] EDIT Hadoop/views/default/hdfs1.html: 0
[2014-03-10 09:34:52] EDIT Hadoop/views/default/hdfs1.html: 0
[2014-03-10 09:39:55] EDIT Hadoop/views/default/sql1.html: 4
[2014-03-10 09:40:31] EDIT Hadoop/views/default/sql1.html: 0
[2014-03-10 09:41:00] EDIT Hadoop/views/default/sql1.html: 0
[2014-03-10 09:42:36] EDIT Hadoop/views/default/sql1.html: 0
[2014-03-10 09:44:22] EDIT Hadoop/views/default/sql1.html: 7
[2014-03-10 09:45:12] EDIT Hadoop/views/default/sql1.html: 0
[2014-03-10 09:45:12] EDIT Hadoop/views/default/sql1.html: 0
[2014-03-10 09:45:13] EDIT Hadoop/views/default/sql1.html: 0
[2014-03-10 09:45:53] EDIT Hadoop/views/default/sql1.html: 0
[2014-03-10 09:45:54] EDIT Hadoop/views/default/sql1.html: 0
[2014-03-10 09:46:09] EDIT Hadoop/views/default/sql1.html: 0
[2014-03-10 09:46:10] EDIT Hadoop/views/default/sql1.html: 0
[2014-03-10 09:46:24] EDIT Hadoop/views/default/sql1.html: 0
[2014-03-10 09:46:25] EDIT Hadoop/views/default/sql1.html: 0
[2014-03-10 09:46:44] EDIT Hadoop/views/default/sql1.html: 0
[2014-03-10 09:46:44] EDIT Hadoop/views/default/sql1.html: 0
[2014-03-10 09:46:53] EDIT Hadoop/views/default/sql1.html: 0
[2014-03-10 09:48:33] EDIT Hadoop/views/default/sql1.html: 6
[2014-03-10 09:48:55] EDIT Hadoop/views/default/sql1.html: 2
[2014-03-10 09:49:09] EDIT Hadoop/views/default/sql1.html: -6
[2014-03-10 09:50:24] EDIT Hadoop/models/menu.py: -13
[2014-03-10 09:50:24] EDIT Hadoop/models/menu.py: 0
[2014-03-10 09:51:10] EDIT Hadoop/models/menu.py: -48
[2014-03-10 09:58:10] EDIT Hadoop/views/default/hdfs1.html: 2
[2014-03-10 10:01:08] EDIT Hadoop/views/default/sql1.html: 0
[2014-03-10 10:02:56] EDIT Hadoop/views/default/hdfs1.html: 1
[2014-03-10 10:02:58] EDIT Hadoop/views/default/hdfs1.html: 0
[2014-03-10 10:03:38] EDIT Hadoop/views/default/hdfs1.html: -1
[2014-03-10 10:28:47] EDIT Hadoop/controllers/default.py: 0
[2014-03-10 10:28:55] EDIT Hadoop/controllers/default.py: -1
[2014-03-10 10:29:39] EDIT Hadoop/controllers/default.py: 1
[2014-03-10 10:29:43] EDIT Hadoop/controllers/default.py: 0
[2014-03-10 10:33:29] EDIT Hadoop/controllers/default.py: -1
[2014-03-10 10:33:39] EDIT Hadoop/controllers/default.py: 0
[2014-03-10 11:53:57] EDIT Hadoop/controllers/default.py: -1
[2014-03-10 11:53:58] EDIT Hadoop/controllers/default.py: 0
[2014-03-10 11:55:21] EDIT Hadoop/controllers/default.py: 0
[2014-03-10 11:55:21] EDIT Hadoop/controllers/default.py: 0
[2014-03-10 11:55:21] EDIT Hadoop/controllers/default.py: 0
[2014-03-10 11:55:21] EDIT Hadoop/controllers/default.py: 0
[2014-03-10 11:55:22] EDIT Hadoop/controllers/default.py: 0
[2014-03-10 11:55:22] EDIT Hadoop/controllers/default.py: 0
[2014-03-10 11:55:22] EDIT Hadoop/controllers/default.py: 0
[2014-03-10 11:55:22] EDIT Hadoop/controllers/default.py: 0
[2014-03-10 11:55:22] EDIT Hadoop/controllers/default.py: 0
[2014-03-10 12:05:27] EDIT Hadoop/controllers/default.py: 8
[2014-03-10 12:07:23] EDIT Hadoop/controllers/default.py: 1
[2014-03-10 12:07:26] EDIT Hadoop/controllers/default.py: 0
[2014-03-10 12:07:38] EDIT Hadoop/controllers/default.py: 1
[2014-03-10 12:07:45] EDIT Hadoop/controllers/default.py: 0
[2014-03-10 12:11:18] EDIT Hadoop/controllers/default.py: 0
[2014-03-10 12:15:52] EDIT Hadoop/controllers/default.py: 1
[2014-03-10 12:15:52] EDIT Hadoop/controllers/default.py: 0
[2014-03-10 12:15:57] EDIT Hadoop/controllers/default.py: 0
[2014-03-10 12:18:42] EDIT Hadoop/controllers/default.py: 3
[2014-03-10 12:19:04] EDIT Hadoop/controllers/default.py: 0
[2014-03-10 12:20:29] EDIT Hadoop/controllers/default.py: 1
[2014-03-10 12:22:00] EDIT Hadoop/controllers/default.py: 0
[2014-03-10 15:23:27] EDIT Hadoop/controllers/default.py: 0
[2014-03-31 10:58:23] EDIT Hadoop/controllers/default.py: 2
[2014-03-31 10:58:29] EDIT Hadoop/controllers/default.py: 0
[2014-03-31 10:58:43] EDIT Hadoop/controllers/default.py: 0
[2014-03-31 11:19:21] EDIT Hadoop/controllers/default.py: 0
[2014-03-31 11:35:24] EDIT Hadoop/controllers/default.py: 0
[2014-03-31 11:35:40] EDIT Hadoop/controllers/default.py: 0
[2014-03-31 11:35:44] EDIT Hadoop/controllers/default.py: 0
[2014-03-31 15:40:29] EDIT Hadoop/views/default/sql1.html: 1
[2014-03-31 15:40:49] EDIT Hadoop/views/default/sql1.html: 0
[2014-03-31 15:41:17] EDIT Hadoop/views/default/sql1.html: 0
[2014-03-31 15:41:36] EDIT Hadoop/views/default/sql1.html: 0
[2014-03-31 15:41:51] EDIT Hadoop/views/default/sql1.html: 0
[2014-04-06 17:37:54] EDIT Hadoop/controllers/default.py: 0
[2014-04-06 17:38:13] EDIT Hadoop/controllers/default.py: 0
[2014-04-06 17:40:05] EDIT Hadoop/controllers/default.py: 0
[2014-04-06 17:40:06] EDIT Hadoop/controllers/default.py: 0
[2014-04-06 17:40:07] EDIT Hadoop/controllers/default.py: 0
[2014-04-06 17:40:07] EDIT Hadoop/controllers/default.py: 0
[2014-04-06 17:40:07] EDIT Hadoop/controllers/default.py: 0
[2014-04-06 17:40:11] EDIT Hadoop/controllers/default.py: 0
[2014-04-06 17:40:13] EDIT Hadoop/controllers/default.py: 0
[2014-04-06 17:40:19] EDIT Hadoop/controllers/default.py: 0
[2014-04-16 00:39:28] CREATE all_jobs1.html: 0
[2014-04-16 00:39:42] EDIT Hadoop/views/all_jobs1.html: 131
[2014-04-16 00:40:14] EDIT Hadoop/views/all_jobs1.html: 0
[2014-04-16 00:41:31] EDIT Hadoop/views/all_jobs1.html: 0
[2014-04-16 00:41:33] EDIT Hadoop/views/all_jobs1.html: 0
[2014-04-16 00:48:31] CREATE db_combination.html: 0
[2014-04-16 00:55:43] EDIT Hadoop/views/db_combination.html: 5
[2014-04-16 00:56:01] EDIT Hadoop/views/db_combination.html: 0
[2014-04-16 00:58:32] EDIT Hadoop/views/db_combination.html: 0
[2014-04-16 00:58:45] EDIT Hadoop/views/db_combination.html: -2
[2014-04-16 00:59:00] EDIT Hadoop/views/db_combination.html: 0
[2014-04-16 00:59:00] EDIT Hadoop/views/db_combination.html: 0
[2014-04-16 01:00:25] EDIT Hadoop/views/db_combination.html: 3
[2014-04-16 01:00:25] EDIT Hadoop/views/db_combination.html: 0
[2014-04-16 01:00:25] EDIT Hadoop/views/db_combination.html: 0
[2014-04-16 01:05:52] CREATE default/all_jobs1.html: 0
[2014-04-16 01:06:33] EDIT Hadoop/views/default/all_jobs1.html: 131
[2014-04-16 01:06:52] CREATE default/db_combination.html: 0
[2014-04-16 01:07:11] EDIT Hadoop/views/default/db_combination.html: 6
[2014-04-16 01:14:48] EDIT Hadoop/views/default/all_jobs1.html: -101
[2014-04-16 01:15:20] EDIT Hadoop/views/default/all_jobs1.html: 0
[2014-04-16 15:07:20] EDIT Hadoop/views/default/sql1.html: -1
[2014-04-16 15:08:18] EDIT Hadoop/views/default/sql1.html: 1
[2014-04-16 15:11:41] EDIT Hadoop/views/default/sql1.html: 0
[2014-08-28 10:54:31] EDIT Hadoop/controllers/default.py: 0
[2014-08-28 10:58:36] EDIT Hadoop/controllers/default.py: 0
[2014-08-28 11:04:37] EDIT Hadoop/controllers/default.py: 1
[2014-08-28 11:04:37] EDIT Hadoop/controllers/default.py: 0
